<?xml version="1.0" encoding="UTF-8"?>
<testng-results skipped="0" failed="0" ignored="0" total="4" passed="4">
  <reporter-output>
  </reporter-output>
  <suite name="Suite" duration-ms="111" started-at="2019-08-08T11:53:27Z" finished-at="2019-08-08T11:53:27Z">
    <groups>
    </groups>
    <test name="Test" duration-ms="111" started-at="2019-08-08T11:53:27Z" finished-at="2019-08-08T11:53:27Z">
      <class name="LearnSelenium.MainClass">
        <test-method status="PASS" signature="LaunchBrowser()[pri:0, instance:LearnSelenium.MainClass@523884b2]" name="LaunchBrowser" duration-ms="14" started-at="2019-08-08T11:53:27Z" finished-at="2019-08-08T11:53:27Z">
          <reporter-output>
          </reporter-output>
        </test-method> <!-- LaunchBrowser -->
        <test-method status="PASS" signature="Test2()[pri:0, instance:LearnSelenium.MainClass@523884b2]" name="Test2" duration-ms="1" started-at="2019-08-08T11:53:27Z" finished-at="2019-08-08T11:53:27Z">
          <reporter-output>
          </reporter-output>
        </test-method> <!-- Test2 -->
        <test-method status="PASS" signature="Test3()[pri:0, instance:LearnSelenium.MainClass@523884b2]" name="Test3" duration-ms="1" started-at="2019-08-08T11:53:27Z" finished-at="2019-08-08T11:53:27Z">
          <reporter-output>
          </reporter-output>
        </test-method> <!-- Test3 -->
        <test-method status="PASS" signature="Test4()[pri:0, instance:LearnSelenium.MainClass@523884b2]" name="Test4" duration-ms="1" started-at="2019-08-08T11:53:27Z" finished-at="2019-08-08T11:53:27Z">
          <reporter-output>
          </reporter-output>
        </test-method> <!-- Test4 -->
      </class> <!-- LearnSelenium.MainClass -->
    </test> <!-- Test -->
  </suite> <!-- Suite -->
</testng-results>
