<?xml version="1.0" encoding="UTF-8"?>
<testng-results skipped="0" failed="0" ignored="0" total="2" passed="2">
  <reporter-output>
  </reporter-output>
  <suite name="Suite" duration-ms="78" started-at="2019-08-06T11:06:34Z" finished-at="2019-08-06T11:06:34Z">
    <groups>
    </groups>
    <test name="Test" duration-ms="78" started-at="2019-08-06T11:06:34Z" finished-at="2019-08-06T11:06:34Z">
      <class name="LearnSelenium.MainClass">
        <test-method status="PASS" signature="LaunchBrowser()[pri:0, instance:LearnSelenium.MainClass@523884b2]" name="LaunchBrowser" duration-ms="26" started-at="2019-08-06T11:06:34Z" finished-at="2019-08-06T11:06:34Z">
          <reporter-output>
          </reporter-output>
        </test-method> <!-- LaunchBrowser -->
        <test-method status="PASS" signature="Test2()[pri:0, instance:LearnSelenium.MainClass@523884b2]" name="Test2" duration-ms="0" started-at="2019-08-06T11:06:34Z" finished-at="2019-08-06T11:06:34Z">
          <reporter-output>
          </reporter-output>
        </test-method> <!-- Test2 -->
      </class> <!-- LearnSelenium.MainClass -->
    </test> <!-- Test -->
  </suite> <!-- Suite -->
</testng-results>
