<?xml version="1.0" encoding="UTF-8"?>
<!-- Generated by org.testng.reporters.JUnitXMLReporter -->
<testsuite hostname="TNINCHD028" ignored="0" name="Test" tests="4" failures="0" timestamp="08 Aug 2019 11:53:28 GMT" time="0.111" errors="0">
  <testcase name="LaunchBrowser" time="0.014" classname="LearnSelenium.MainClass"/>
  <testcase name="Test2" time="0.001" classname="LearnSelenium.MainClass"/>
  <testcase name="Test3" time="0.001" classname="LearnSelenium.MainClass"/>
  <testcase name="Test4" time="0.001" classname="LearnSelenium.MainClass"/>
</testsuite> <!-- Test -->
